<?xml version="1.0" encoding="UTF-8"?>
<!-- Generated by org.testng.reporters.JUnitReportReporter -->
<testsuite skipped="0" hostname="ANKUR" name="com.wallethub.assignment_2.WallethubTestScript.WalletHubAutomate" tests="5" failures="0" timestamp="16 Jan 2018 17:29:31 GMT" time="74.633" errors="0">
  <testcase name="logInWalletHub" time="15.040" classname="com.wallethub.assignment_2.WallethubTestScript.WalletHubAutomate"/>
  <testcase name="provideRating" time="10.553" classname="com.wallethub.assignment_2.WallethubTestScript.WalletHubAutomate"/>
  <testcase name="setPolicy" time="32.808" classname="com.wallethub.assignment_2.WallethubTestScript.WalletHubAutomate"/>
  <testcase name="reviewFeed" time="9.186" classname="com.wallethub.assignment_2.WallethubTestScript.WalletHubAutomate"/>
  <testcase name="logOut" time="7.046" classname="com.wallethub.assignment_2.WallethubTestScript.WalletHubAutomate"/>
</testsuite> <!-- com.wallethub.assignment_2.WallethubTestScript.WalletHubAutomate -->
