<?xml version="1.0" encoding="UTF-8"?>
<!-- Generated by org.testng.reporters.JUnitReportReporter -->
<testsuite skipped="0" hostname="ANKUR" name="com.wallethub.assignment_1.Component.BaseClass" tests="1" failures="0" timestamp="04 Jan 2018 18:45:41 GMT" time="0.010" errors="0">
  <testcase name="test" time="0.010" classname="com.wallethub.assignment_1.Component.BaseClass"/>
</testsuite> <!-- com.wallethub.assignment_1.Component.BaseClass -->
