<?xml version="1.0" encoding="UTF-8"?>
<!-- Generated by org.testng.reporters.JUnitReportReporter -->
<testsuite skipped="0" hostname="ANKUR" name="com.wallethub.assignment_1.TestScript.FacebookAutomate" tests="2" failures="0" timestamp="06 Jan 2018 07:48:35 GMT" time="81.164" errors="0">
  <testcase name="StatusUpdate" time="54.761" classname="com.wallethub.assignment_1.TestScript.FacebookAutomate"/>
  <testcase name="StatusUpdate" time="26.403" classname="com.wallethub.assignment_1.TestScript.FacebookAutomate"/>
</testsuite> <!-- com.wallethub.assignment_1.TestScript.FacebookAutomate -->
