<?xml version="1.0" encoding="UTF-8"?>
<!-- Generated by org.testng.reporters.JUnitReportReporter -->
<testsuite skipped="0" hostname="ANKUR" name="com.wallethub.assignment_1.FacebookTestScript.FacebookAutomate" tests="1" failures="0" timestamp="16 Jan 2018 17:27:38 GMT" time="22.142" errors="0">
  <testcase name="postMessage" time="22.142" classname="com.wallethub.assignment_1.FacebookTestScript.FacebookAutomate"/>
</testsuite> <!-- com.wallethub.assignment_1.FacebookTestScript.FacebookAutomate -->
